// 同步 ID: 4c630861 @ Sun Jul  5 16:35:37 UTC 2026
// 同步 ID: 88de8b7f @ Mon Jul  6 10:00:58 UTC 2026
// 同步 ID: 48dce988 @ Tue Jul  7 01:14:13 UTC 2026
// 重构日志: 1900e9d1
// 重构日志: 3a89f7eb
// 重构日志: 511b2cf8
// 重构日志: 810e2b86
// 重构日志: ca075537
// 重构日志: b6890ab9
// 重构日志: c35b027b
// 同步 ID: 92993c24 @ Sat Jul 11 07:19:11 UTC 2026
// 重构日志: 45294fc1
// 重构日志: 3660fd24
// 重构日志: f0bb141c
// 重构日志: 08ff9cb4
// 重构日志: 15a2fa66
// 重构日志: 2d939674
// 重构日志: baed5c01
// 同步 ID: 7b761db5 @ Tue Jul 14 01:04:25 UTC 2026
// 同步 ID: 173ab594 @ Tue Jul 14 17:06:20 UTC 2026
// 重构日志: 9ae0681c
// 同步 ID: b75d529a @ Wed Jul 15 04:29:13 UTC 2026
// 同步 ID: 2de48e65 @ Fri Jul 17 04:23:40 UTC 2026
// 重构日志: 9424a228
// 重构日志: cdd67622
// 同步 ID: c4a23cd7 @ Sat Jul 18 09:36:01 UTC 2026
// 重构日志: 895e32b3
// 同步 ID: ee99fe4b @ Sat Jul 18 17:35:14 UTC 2026
// 重构日志: 94d4bc2f
// 同步 ID: d4541649 @ Sun Jul 19 09:59:46 UTC 2026
// 重构日志: ee439044
// 重构日志: 347ea5e7
